<?xml version="1.0" encoding="UTF-8" ?>
<testsuite tests="6" failures="0" name="k.cichocki.wipro.concurrent.PageCrawlerTest" time="0.255" errors="0" skipped="0">
  <properties>
    <property name="java.runtime.name" value="Java(TM) SE Runtime Environment"/>
    <property name="java.vm.version" value="13.0.2+8"/>
    <property name="sun.boot.library.path" value="C:\Program Files\Java\jdk-13.0.2\bin"/>
    <property name="maven.multiModuleProjectDirectory" value="D:\Programowanie\MyApps\eclipse_3.7.1\workspace_movieDB\WiproHtmlCrawler"/>
    <property name="java.vm.vendor" value="Oracle Corporation"/>
    <property name="java.vendor.url" value="https://java.oracle.com/"/>
    <property name="guice.disable.misplaced.annotation.check" value="true"/>
    <property name="path.separator" value=";"/>
    <property name="java.vm.name" value="Java HotSpot(TM) 64-Bit Server VM"/>
    <property name="sun.os.patch.level" value=""/>
    <property name="user.script" value=""/>
    <property name="user.country" value="PL"/>
    <property name="sun.java.launcher" value="SUN_STANDARD"/>
    <property name="java.vm.specification.name" value="Java Virtual Machine Specification"/>
    <property name="user.dir" value="D:\Programowanie\MyApps\eclipse_3.7.1\workspace_movieDB\WiproHtmlCrawler"/>
    <property name="java.vm.compressedOopsMode" value="Zero based"/>
    <property name="java.runtime.version" value="13.0.2+8"/>
    <property name="os.arch" value="amd64"/>
    <property name="java.io.tmpdir" value="C:\Users\Krzysiek\AppData\Local\Temp\"/>
    <property name="line.separator" value="
"/>
    <property name="java.vm.specification.vendor" value="Oracle Corporation"/>
    <property name="user.variant" value=""/>
    <property name="os.name" value="Windows 10"/>
    <property name="classworlds.conf" value="D:\Programowanie\MyApps\eclipse_3.7.1\workspace_movieDB\.metadata\.plugins\org.eclipse.m2e.launching\launches\m2conf2926567710520042461.tmp"/>
    <property name="sun.jnu.encoding" value="Cp1250"/>
    <property name="java.library.path" value="C:\Program Files\Java\jdk-13.0.2\bin;C:\Windows\Sun\Java\bin;C:\Windows\system32;C:\Windows;C:/Program Files/Java/jre1.8.0_221/bin/server;C:/Program Files/Java/jre1.8.0_221/bin;C:/Program Files/Java/jre1.8.0_221/lib/amd64;C:\Program Files (x86)\Common Files\Oracle\Java\javapath;C:\Windows\system32;C:\Windows;C:\Windows\System32\Wbem;C:\Windows\System32\WindowsPowerShell\v1.0\;C:\Windows\System32\OpenSSH\;C:\Program Files\PuTTY\;C:\Program Files\Git\cmd;C:\Program Files\Git\mingw64\bin;C:\Program Files\Git\usr\bin;C:\Program Files (x86)\NVIDIA Corporation\PhysX\Common;C:\Users\Krzysiek\AppData\Local\Microsoft\WindowsApps;C:\MyApps\apktool;C:\MyApps\dex2jar-2.0;;C:\MyApps\eclipse-java-2019-06-R-win32-x86_64\eclipse;;."/>
    <property name="jdk.debug" value="release"/>
    <property name="java.class.version" value="57.0"/>
    <property name="java.specification.name" value="Java Platform API Specification"/>
    <property name="sun.management.compiler" value="HotSpot 64-Bit Tiered Compilers"/>
    <property name="os.version" value="10.0"/>
    <property name="user.home" value="C:\Users\Krzysiek"/>
    <property name="user.timezone" value="Europe/Warsaw"/>
    <property name="file.encoding" value="Cp1250"/>
    <property name="java.specification.version" value="13"/>
    <property name="user.name" value="Krzysiek"/>
    <property name="java.class.path" value="C:\MyApps\eclipse-java-2019-06-R-win32-x86_64\eclipse\plugins\org.eclipse.m2e.maven.runtime_1.12.0.20190529-1915\jars\plexus-classworlds-2.6.0.jar"/>
    <property name="java.vm.specification.version" value="13"/>
    <property name="sun.arch.data.model" value="64"/>
    <property name="sun.java.command" value="org.codehaus.plexus.classworlds.launcher.Launcher -B clean package"/>
    <property name="java.home" value="C:\Program Files\Java\jdk-13.0.2"/>
    <property name="user.language" value="pl"/>
    <property name="java.specification.vendor" value="Oracle Corporation"/>
    <property name="java.vm.info" value="mixed mode, sharing"/>
    <property name="java.version" value="13.0.2"/>
    <property name="java.vendor" value="Oracle Corporation"/>
    <property name="maven.home" value="D:\Programowanie\MyApps\eclipse_3.7.1\workspace_movieDB\WiproHtmlCrawler\EMBEDDED"/>
    <property name="file.separator" value="\"/>
    <property name="java.version.date" value="2020-01-14"/>
    <property name="java.vendor.url.bug" value="https://bugreport.java.com/bugreport/"/>
    <property name="sun.io.unicode.encoding" value="UnicodeLittle"/>
    <property name="sun.cpu.endian" value="little"/>
    <property name="sun.cpu.isalist" value="amd64"/>
  </properties>
  <testcase classname="k.cichocki.wipro.concurrent.PageCrawlerTest" name="testCircullarLinks" time="0.236"/>
  <testcase classname="k.cichocki.wipro.concurrent.PageCrawlerTest" name="testConnectionError" time="0"/>
  <testcase classname="k.cichocki.wipro.concurrent.PageCrawlerTest" name="testResourceLink" time="0.001"/>
  <testcase classname="k.cichocki.wipro.concurrent.PageCrawlerTest" name="testEexternalLink" time="0.017"/>
  <testcase classname="k.cichocki.wipro.concurrent.PageCrawlerTest" name="testAlreadyCrawled" time="0"/>
  <testcase classname="k.cichocki.wipro.concurrent.PageCrawlerTest" name="testMalformedURL" time="0.001"/>
</testsuite>